npm verb cli /Users/louiseyoma/.nvm/versions/node/v16.18.0/bin/node /Users/louiseyoma/.nvm/versions/node/v16.18.0/bin/npm
npm info using npm@8.19.2
npm info using node@v16.18.0
npm timing npm:load:whichnode Completed in 0ms
npm timing config:load:defaults Completed in 1ms
npm timing config:load:file:/Users/louiseyoma/.nvm/versions/node/v16.18.0/lib/node_modules/npm/npmrc Completed in 1ms
npm timing config:load:builtin Completed in 1ms
npm timing config:load:cli Completed in 5ms
npm timing config:load:env Completed in 0ms
npm timing config:load:file:/Users/louiseyoma/Workspace/Crestmonds/Crestagile/Crestlearn/code/frontend/Crestlearn/crestlean/crestlean/tmpBstackPackages/.npmrc Completed in 12ms
npm timing config:load:project Completed in 46ms
npm timing config:load:file:/Users/louiseyoma/.npmrc Completed in 0ms
npm timing config:load:user Completed in 0ms
npm timing config:load:file:/Users/louiseyoma/.nvm/versions/node/v16.18.0/etc/npmrc Completed in 0ms
npm timing config:load:global Completed in 1ms
npm timing config:load:validate Completed in 0ms
npm timing config:load:credentials Completed in 1ms
npm timing config:load:setEnvs Completed in 1ms
npm timing config:load Completed in 56ms
npm timing npm:load:configload Completed in 57ms
npm timing npm:load:mkdirpcache Completed in 5ms
npm timing npm:load:mkdirplogs Completed in 4ms
npm verb title npm install
npm verb argv "install" "--legacy-peer-deps" "--loglevel" "verbose"
npm timing npm:load:setTitle Completed in 27ms
npm timing config:load:flatten Completed in 4ms
npm timing npm:load:display Completed in 9ms
npm verb logfile logs-max:10 dir:/Users/louiseyoma/.npm/_logs
npm verb logfile /Users/louiseyoma/.npm/_logs/2023-03-20T18_02_23_127Z-debug-0.log
npm timing npm:load:logFile Completed in 6ms
npm timing npm:load:timers Completed in 1ms
npm timing npm:load:configScope Completed in 0ms
npm timing npm:load Completed in 110ms
npm timing arborist:ctor Completed in 1ms
npm timing arborist:ctor Completed in 0ms
npm timing idealTree:init Completed in 72ms
npm timing idealTree:userRequests Completed in 0ms
npm timing idealTree:#root Completed in 0ms
npm timing idealTree:buildDeps Completed in 1ms
npm timing idealTree:fixDepFlags Completed in 0ms
npm timing idealTree Completed in 75ms
npm timing reify:loadTrees Completed in 76ms
npm timing reify:diffTrees Completed in 1ms
npm timing reify:retireShallow Completed in 27ms
npm timing reify:createSparse Completed in 0ms
npm timing reify:loadBundles Completed in 0ms
npm timing reify:audit Completed in 1ms
npm timing reify:unpack Completed in 0ms
npm timing reify:unretire Completed in 0ms
npm timing build:queue Completed in 0ms
npm timing build:deps Completed in 0ms
npm timing build Completed in 1ms
npm timing reify:build Completed in 2ms
npm timing reify:trash Completed in 0ms
npm timing reify:save Completed in 26ms
npm timing reify Completed in 142ms

up to date, audited 1 package in 3s

found 0 vulnerabilities
npm timing command:install Completed in 150ms
npm verb exit 0
npm timing npm Completed in 2814ms
npm info ok 
